<?xml version="1.0" encoding="UTF-8"?>
<testng-results ignored="0" total="1" passed="1" failed="0" skipped="0">
  <reporter-output>
  </reporter-output>
  <suite started-at="2024-11-17T21:57:08 IST" name="Default suite" finished-at="2024-11-17T21:57:22 IST" duration-ms="13357">
    <groups>
    </groups>
    <test started-at="2024-11-17T21:57:08 IST" name="Default test" finished-at="2024-11-17T21:57:22 IST" duration-ms="13357">
      <class name="uitesting.LoginPageTest">
        <test-method is-config="true" signature="setUp()[pri:0, instance:uitesting.LoginPageTest@3f6f6701]" started-at="2024-11-17T21:57:08 IST" name="setUp" finished-at="2024-11-17T21:57:18 IST" duration-ms="9474" status="PASS">
          <reporter-output>
          </reporter-output>
        </test-method> <!-- setUp -->
        <test-method signature="INVENTORY()[pri:0, instance:uitesting.LoginPageTest@3f6f6701]" started-at="2024-11-17T21:57:18 IST" name="INVENTORY" finished-at="2024-11-17T21:57:21 IST" duration-ms="3310" status="PASS">
          <reporter-output>
          </reporter-output>
        </test-method> <!-- INVENTORY -->
        <test-method is-config="true" signature="tearDown()[pri:0, instance:uitesting.LoginPageTest@3f6f6701]" started-at="2024-11-17T21:57:21 IST" name="tearDown" finished-at="2024-11-17T21:57:22 IST" duration-ms="553" status="PASS">
          <reporter-output>
          </reporter-output>
        </test-method> <!-- tearDown -->
      </class> <!-- uitesting.LoginPageTest -->
    </test> <!-- Default test -->
  </suite> <!-- Default suite -->
</testng-results>
